<?xml version="1.0" encoding="UTF-8"?>
<!-- Generated by org.testng.reporters.JUnitReportReporter -->
<testsuite hostname="LAPTOP-820ERDM2" failures="0" tests="2" name="test.Verifylifeinsurance" time="41.162" errors="0" timestamp="2022-12-06T23:02:34 IST" skipped="0">
  <testcase classname="test.Verifylifeinsurance" name="verifylifeinsurance" time="15.494"/>
  <system-out/>
  <testcase classname="test.Verifylifeinsurance" name="verifyhealthinsurance" time="25.668"/>
  <system-out/>
</testsuite> <!-- test.Verifylifeinsurance -->
